  IfGame.cpp
C:\Users\19293\Desktop\College Stuff\5 - Fall 2024\CSC 211H - Advanced Programming Techniques\Honors Project\Gamification\IfGame.cpp(34,31): warning C4244: 'argument': conversion from 'int' to 'float', possible loss of data
C:\Users\19293\Desktop\College Stuff\5 - Fall 2024\CSC 211H - Advanced Programming Techniques\Honors Project\Gamification\IfGame.cpp(38,72): warning C4244: 'argument': conversion from 'int' to 'T', possible loss of data
C:\Users\19293\Desktop\College Stuff\5 - Fall 2024\CSC 211H - Advanced Programming Techniques\Honors Project\Gamification\IfGame.cpp(38,72): warning C4244:         with
C:\Users\19293\Desktop\College Stuff\5 - Fall 2024\CSC 211H - Advanced Programming Techniques\Honors Project\Gamification\IfGame.cpp(38,72): warning C4244:         [
C:\Users\19293\Desktop\College Stuff\5 - Fall 2024\CSC 211H - Advanced Programming Techniques\Honors Project\Gamification\IfGame.cpp(38,72): warning C4244:             T=float
C:\Users\19293\Desktop\College Stuff\5 - Fall 2024\CSC 211H - Advanced Programming Techniques\Honors Project\Gamification\IfGame.cpp(38,72): warning C4244:         ]
C:\Users\19293\Desktop\College Stuff\5 - Fall 2024\CSC 211H - Advanced Programming Techniques\Honors Project\Gamification\IfGame.cpp(38,30): warning C4244: 'argument': conversion from 'int' to 'T', possible loss of data
C:\Users\19293\Desktop\College Stuff\5 - Fall 2024\CSC 211H - Advanced Programming Techniques\Honors Project\Gamification\IfGame.cpp(38,30): warning C4244:         with
C:\Users\19293\Desktop\College Stuff\5 - Fall 2024\CSC 211H - Advanced Programming Techniques\Honors Project\Gamification\IfGame.cpp(38,30): warning C4244:         [
C:\Users\19293\Desktop\College Stuff\5 - Fall 2024\CSC 211H - Advanced Programming Techniques\Honors Project\Gamification\IfGame.cpp(38,30): warning C4244:             T=float
C:\Users\19293\Desktop\College Stuff\5 - Fall 2024\CSC 211H - Advanced Programming Techniques\Honors Project\Gamification\IfGame.cpp(38,30): warning C4244:         ]
C:\Users\19293\Desktop\College Stuff\5 - Fall 2024\CSC 211H - Advanced Programming Techniques\Honors Project\Gamification\IfGame.cpp(82,79): warning C4244: 'argument': conversion from 'T' to 'T', possible loss of data
C:\Users\19293\Desktop\College Stuff\5 - Fall 2024\CSC 211H - Advanced Programming Techniques\Honors Project\Gamification\IfGame.cpp(82,79): warning C4244:         with
C:\Users\19293\Desktop\College Stuff\5 - Fall 2024\CSC 211H - Advanced Programming Techniques\Honors Project\Gamification\IfGame.cpp(82,79): warning C4244:         [
C:\Users\19293\Desktop\College Stuff\5 - Fall 2024\CSC 211H - Advanced Programming Techniques\Honors Project\Gamification\IfGame.cpp(82,79): warning C4244:             T=unsigned int
C:\Users\19293\Desktop\College Stuff\5 - Fall 2024\CSC 211H - Advanced Programming Techniques\Honors Project\Gamification\IfGame.cpp(82,79): warning C4244:         ]
C:\Users\19293\Desktop\College Stuff\5 - Fall 2024\CSC 211H - Advanced Programming Techniques\Honors Project\Gamification\IfGame.cpp(82,79): warning C4244:         and
C:\Users\19293\Desktop\College Stuff\5 - Fall 2024\CSC 211H - Advanced Programming Techniques\Honors Project\Gamification\IfGame.cpp(82,79): warning C4244:         [
C:\Users\19293\Desktop\College Stuff\5 - Fall 2024\CSC 211H - Advanced Programming Techniques\Honors Project\Gamification\IfGame.cpp(82,79): warning C4244:             T=float
C:\Users\19293\Desktop\College Stuff\5 - Fall 2024\CSC 211H - Advanced Programming Techniques\Honors Project\Gamification\IfGame.cpp(82,79): warning C4244:         ]
C:\Users\19293\Desktop\College Stuff\5 - Fall 2024\CSC 211H - Advanced Programming Techniques\Honors Project\Gamification\IfGame.cpp(82,55): warning C4244: 'argument': conversion from 'T' to 'T', possible loss of data
C:\Users\19293\Desktop\College Stuff\5 - Fall 2024\CSC 211H - Advanced Programming Techniques\Honors Project\Gamification\IfGame.cpp(82,55): warning C4244:         with
C:\Users\19293\Desktop\College Stuff\5 - Fall 2024\CSC 211H - Advanced Programming Techniques\Honors Project\Gamification\IfGame.cpp(82,55): warning C4244:         [
C:\Users\19293\Desktop\College Stuff\5 - Fall 2024\CSC 211H - Advanced Programming Techniques\Honors Project\Gamification\IfGame.cpp(82,55): warning C4244:             T=unsigned int
C:\Users\19293\Desktop\College Stuff\5 - Fall 2024\CSC 211H - Advanced Programming Techniques\Honors Project\Gamification\IfGame.cpp(82,55): warning C4244:         ]
C:\Users\19293\Desktop\College Stuff\5 - Fall 2024\CSC 211H - Advanced Programming Techniques\Honors Project\Gamification\IfGame.cpp(82,55): warning C4244:         and
C:\Users\19293\Desktop\College Stuff\5 - Fall 2024\CSC 211H - Advanced Programming Techniques\Honors Project\Gamification\IfGame.cpp(82,55): warning C4244:         [
C:\Users\19293\Desktop\College Stuff\5 - Fall 2024\CSC 211H - Advanced Programming Techniques\Honors Project\Gamification\IfGame.cpp(82,55): warning C4244:             T=float
C:\Users\19293\Desktop\College Stuff\5 - Fall 2024\CSC 211H - Advanced Programming Techniques\Honors Project\Gamification\IfGame.cpp(82,55): warning C4244:         ]
C:\Users\19293\Desktop\College Stuff\5 - Fall 2024\CSC 211H - Advanced Programming Techniques\Honors Project\Gamification\IfGame.cpp(97,12): warning C4244: 'initializing': conversion from 'T' to 'int', possible loss of data
C:\Users\19293\Desktop\College Stuff\5 - Fall 2024\CSC 211H - Advanced Programming Techniques\Honors Project\Gamification\IfGame.cpp(97,12): warning C4244:         with
C:\Users\19293\Desktop\College Stuff\5 - Fall 2024\CSC 211H - Advanced Programming Techniques\Honors Project\Gamification\IfGame.cpp(97,12): warning C4244:         [
C:\Users\19293\Desktop\College Stuff\5 - Fall 2024\CSC 211H - Advanced Programming Techniques\Honors Project\Gamification\IfGame.cpp(97,12): warning C4244:             T=float
C:\Users\19293\Desktop\College Stuff\5 - Fall 2024\CSC 211H - Advanced Programming Techniques\Honors Project\Gamification\IfGame.cpp(97,12): warning C4244:         ]
C:\Users\19293\Desktop\College Stuff\5 - Fall 2024\CSC 211H - Advanced Programming Techniques\Honors Project\Gamification\IfGame.cpp(99,65): warning C4244: 'argument': conversion from 'int' to 'T', possible loss of data
C:\Users\19293\Desktop\College Stuff\5 - Fall 2024\CSC 211H - Advanced Programming Techniques\Honors Project\Gamification\IfGame.cpp(99,65): warning C4244:         with
C:\Users\19293\Desktop\College Stuff\5 - Fall 2024\CSC 211H - Advanced Programming Techniques\Honors Project\Gamification\IfGame.cpp(99,65): warning C4244:         [
C:\Users\19293\Desktop\College Stuff\5 - Fall 2024\CSC 211H - Advanced Programming Techniques\Honors Project\Gamification\IfGame.cpp(99,65): warning C4244:             T=float
C:\Users\19293\Desktop\College Stuff\5 - Fall 2024\CSC 211H - Advanced Programming Techniques\Honors Project\Gamification\IfGame.cpp(99,65): warning C4244:         ]
C:\Users\19293\Desktop\College Stuff\5 - Fall 2024\CSC 211H - Advanced Programming Techniques\Honors Project\Gamification\IfGame.cpp(99,59): warning C4244: 'argument': conversion from 'int' to 'T', possible loss of data
C:\Users\19293\Desktop\College Stuff\5 - Fall 2024\CSC 211H - Advanced Programming Techniques\Honors Project\Gamification\IfGame.cpp(99,59): warning C4244:         with
C:\Users\19293\Desktop\College Stuff\5 - Fall 2024\CSC 211H - Advanced Programming Techniques\Honors Project\Gamification\IfGame.cpp(99,59): warning C4244:         [
C:\Users\19293\Desktop\College Stuff\5 - Fall 2024\CSC 211H - Advanced Programming Techniques\Honors Project\Gamification\IfGame.cpp(99,59): warning C4244:             T=float
C:\Users\19293\Desktop\College Stuff\5 - Fall 2024\CSC 211H - Advanced Programming Techniques\Honors Project\Gamification\IfGame.cpp(99,59): warning C4244:         ]
C:\Users\19293\Desktop\College Stuff\5 - Fall 2024\CSC 211H - Advanced Programming Techniques\Honors Project\Gamification\IfGame.cpp(103,18): warning C4244: '+=': conversion from 'T' to 'int', possible loss of data
C:\Users\19293\Desktop\College Stuff\5 - Fall 2024\CSC 211H - Advanced Programming Techniques\Honors Project\Gamification\IfGame.cpp(103,18): warning C4244:         with
C:\Users\19293\Desktop\College Stuff\5 - Fall 2024\CSC 211H - Advanced Programming Techniques\Honors Project\Gamification\IfGame.cpp(103,18): warning C4244:         [
C:\Users\19293\Desktop\College Stuff\5 - Fall 2024\CSC 211H - Advanced Programming Techniques\Honors Project\Gamification\IfGame.cpp(103,18): warning C4244:             T=float
C:\Users\19293\Desktop\College Stuff\5 - Fall 2024\CSC 211H - Advanced Programming Techniques\Honors Project\Gamification\IfGame.cpp(103,18): warning C4244:         ]
C:\Users\19293\Desktop\College Stuff\5 - Fall 2024\CSC 211H - Advanced Programming Techniques\Honors Project\Gamification\IfGame.cpp(104,65): warning C4244: 'argument': conversion from 'int' to 'T', possible loss of data
C:\Users\19293\Desktop\College Stuff\5 - Fall 2024\CSC 211H - Advanced Programming Techniques\Honors Project\Gamification\IfGame.cpp(104,65): warning C4244:         with
C:\Users\19293\Desktop\College Stuff\5 - Fall 2024\CSC 211H - Advanced Programming Techniques\Honors Project\Gamification\IfGame.cpp(104,65): warning C4244:         [
C:\Users\19293\Desktop\College Stuff\5 - Fall 2024\CSC 211H - Advanced Programming Techniques\Honors Project\Gamification\IfGame.cpp(104,65): warning C4244:             T=float
C:\Users\19293\Desktop\College Stuff\5 - Fall 2024\CSC 211H - Advanced Programming Techniques\Honors Project\Gamification\IfGame.cpp(104,65): warning C4244:         ]
C:\Users\19293\Desktop\College Stuff\5 - Fall 2024\CSC 211H - Advanced Programming Techniques\Honors Project\Gamification\IfGame.cpp(104,59): warning C4244: 'argument': conversion from 'int' to 'T', possible loss of data
C:\Users\19293\Desktop\College Stuff\5 - Fall 2024\CSC 211H - Advanced Programming Techniques\Honors Project\Gamification\IfGame.cpp(104,59): warning C4244:         with
C:\Users\19293\Desktop\College Stuff\5 - Fall 2024\CSC 211H - Advanced Programming Techniques\Honors Project\Gamification\IfGame.cpp(104,59): warning C4244:         [
C:\Users\19293\Desktop\College Stuff\5 - Fall 2024\CSC 211H - Advanced Programming Techniques\Honors Project\Gamification\IfGame.cpp(104,59): warning C4244:             T=float
C:\Users\19293\Desktop\College Stuff\5 - Fall 2024\CSC 211H - Advanced Programming Techniques\Honors Project\Gamification\IfGame.cpp(104,59): warning C4244:         ]
C:\Users\19293\Desktop\College Stuff\5 - Fall 2024\CSC 211H - Advanced Programming Techniques\Honors Project\Gamification\IfGame.cpp(233,33): warning C4244: 'argument': conversion from 'int' to 'T', possible loss of data
C:\Users\19293\Desktop\College Stuff\5 - Fall 2024\CSC 211H - Advanced Programming Techniques\Honors Project\Gamification\IfGame.cpp(233,33): warning C4244:         with
C:\Users\19293\Desktop\College Stuff\5 - Fall 2024\CSC 211H - Advanced Programming Techniques\Honors Project\Gamification\IfGame.cpp(233,33): warning C4244:         [
C:\Users\19293\Desktop\College Stuff\5 - Fall 2024\CSC 211H - Advanced Programming Techniques\Honors Project\Gamification\IfGame.cpp(233,33): warning C4244:             T=float
C:\Users\19293\Desktop\College Stuff\5 - Fall 2024\CSC 211H - Advanced Programming Techniques\Honors Project\Gamification\IfGame.cpp(233,33): warning C4244:         ]
C:\Users\19293\Desktop\College Stuff\5 - Fall 2024\CSC 211H - Advanced Programming Techniques\Honors Project\Gamification\IfGame.cpp(234,34): warning C4244: 'argument': conversion from 'int' to 'T', possible loss of data
C:\Users\19293\Desktop\College Stuff\5 - Fall 2024\CSC 211H - Advanced Programming Techniques\Honors Project\Gamification\IfGame.cpp(234,34): warning C4244:         with
C:\Users\19293\Desktop\College Stuff\5 - Fall 2024\CSC 211H - Advanced Programming Techniques\Honors Project\Gamification\IfGame.cpp(234,34): warning C4244:         [
C:\Users\19293\Desktop\College Stuff\5 - Fall 2024\CSC 211H - Advanced Programming Techniques\Honors Project\Gamification\IfGame.cpp(234,34): warning C4244:             T=float
C:\Users\19293\Desktop\College Stuff\5 - Fall 2024\CSC 211H - Advanced Programming Techniques\Honors Project\Gamification\IfGame.cpp(234,34): warning C4244:         ]
C:\Users\19293\Desktop\College Stuff\5 - Fall 2024\CSC 211H - Advanced Programming Techniques\Honors Project\Gamification\IfGame.cpp(235,28): warning C4244: 'argument': conversion from 'int' to 'float', possible loss of data
C:\Users\19293\Desktop\College Stuff\5 - Fall 2024\CSC 211H - Advanced Programming Techniques\Honors Project\Gamification\IfGame.cpp(236,42): warning C4244: 'argument': conversion from 'int' to 'float', possible loss of data
C:\Users\19293\Desktop\College Stuff\5 - Fall 2024\CSC 211H - Advanced Programming Techniques\Honors Project\Gamification\IfGame.cpp(236,28): warning C4244: 'argument': conversion from 'int' to 'float', possible loss of data
C:\Users\19293\Desktop\College Stuff\5 - Fall 2024\CSC 211H - Advanced Programming Techniques\Honors Project\Gamification\IfGame.cpp(238,50): warning C4244: 'argument': conversion from 'int' to 'float', possible loss of data
C:\Users\19293\Desktop\College Stuff\5 - Fall 2024\CSC 211H - Advanced Programming Techniques\Honors Project\Gamification\IfGame.cpp(238,38): warning C4244: 'argument': conversion from 'int' to 'float', possible loss of data
C:\Users\19293\Desktop\College Stuff\5 - Fall 2024\CSC 211H - Advanced Programming Techniques\Honors Project\Gamification\IfGame.cpp(248,18): warning C4244: 'initializing': conversion from 'T' to 'int', possible loss of data
C:\Users\19293\Desktop\College Stuff\5 - Fall 2024\CSC 211H - Advanced Programming Techniques\Honors Project\Gamification\IfGame.cpp(248,18): warning C4244:         with
C:\Users\19293\Desktop\College Stuff\5 - Fall 2024\CSC 211H - Advanced Programming Techniques\Honors Project\Gamification\IfGame.cpp(248,18): warning C4244:         [
C:\Users\19293\Desktop\College Stuff\5 - Fall 2024\CSC 211H - Advanced Programming Techniques\Honors Project\Gamification\IfGame.cpp(248,18): warning C4244:             T=float
C:\Users\19293\Desktop\College Stuff\5 - Fall 2024\CSC 211H - Advanced Programming Techniques\Honors Project\Gamification\IfGame.cpp(248,18): warning C4244:         ]
C:\Users\19293\Desktop\College Stuff\5 - Fall 2024\CSC 211H - Advanced Programming Techniques\Honors Project\Gamification\IfGame.cpp(251,22): warning C4244: 'argument': conversion from 'int' to 'float', possible loss of data
C:\Users\19293\Desktop\College Stuff\5 - Fall 2024\CSC 211H - Advanced Programming Techniques\Honors Project\Gamification\IfGame.cpp(251,19): warning C4244: 'argument': conversion from 'int' to 'float', possible loss of data
C:\Users\19293\Desktop\College Stuff\5 - Fall 2024\CSC 211H - Advanced Programming Techniques\Honors Project\Gamification\IfGame.cpp(294,22): warning C4244: 'argument': conversion from 'time_t' to 'unsigned int', possible loss of data
  Generating code
  4 of 578 functions ( 0.7%) were compiled, the rest were copied from previous compilation.
    0 functions were new in current compilation
    0 functions had inline decision re-evaluated but remain unchanged
  Finished generating code
  Gamification.vcxproj -> C:\Users\19293\Desktop\College Stuff\5 - Fall 2024\CSC 211H - Advanced Programming Techniques\Honors Project\Gamification\x64\Release\Gamification.exe
